  Config.cpp
D:\workfile\ComputerTelecommunicationsAndNetwork\temp\lab1\Socket\Config.cpp(7,10): warning C4067: 预处理器指令后有意外标记 - 应输入换行符
  main.cpp
  PrintMenu.cpp
  Server.cpp
D:\workfile\ComputerTelecommunicationsAndNetwork\temp\lab1\Socket\Server.cpp(193,53): warning C4267: “参数”: 从“size_t”转换到“int”，可能丢失数据
D:\workfile\ComputerTelecommunicationsAndNetwork\temp\lab1\Socket\Server.cpp(198,58): warning C4305: “参数”: 从“int”到“const _Elem”截断
          with
          [
              _Elem=char
          ]
D:\workfile\ComputerTelecommunicationsAndNetwork\temp\lab1\Socket\Server.cpp(198,52): warning C4309: “参数”: 截断常量值
  WinsockEnv.cpp
  HttpProcessor.cpp
D:\workfile\ComputerTelecommunicationsAndNetwork\temp\lab1\Socket\HttpProcessor.cpp(50,44): warning C4267: “初始化”: 从“size_t”转换到“int”，可能丢失数据
D:\workfile\ComputerTelecommunicationsAndNetwork\temp\lab1\Socket\HttpProcessor.cpp(51,54): warning C4267: “初始化”: 从“size_t”转换到“int”，可能丢失数据
D:\workfile\ComputerTelecommunicationsAndNetwork\temp\lab1\Socket\HttpProcessor.cpp(70,42): warning C4267: “初始化”: 从“size_t”转换到“int”，可能丢失数据
D:\workfile\ComputerTelecommunicationsAndNetwork\temp\lab1\Socket\HttpProcessor.cpp(71,53): warning C4267: “初始化”: 从“size_t”转换到“int”，可能丢失数据
D:\workfile\ComputerTelecommunicationsAndNetwork\temp\lab1\Socket\HttpProcessor.cpp(83,14): warning C4244: “初始化”: 从“std::streamoff”转换到“int”，可能丢失数据
D:\workfile\ComputerTelecommunicationsAndNetwork\temp\lab1\Socket\HttpProcessor.cpp(96,14): warning C4244: “初始化”: 从“std::streamoff”转换到“int”，可能丢失数据
  正在生成代码...
  Socket.vcxproj -> D:\workfile\ComputerTelecommunicationsAndNetwork\temp\lab1\Socket\x64\Debug\Socket.exe
